<?xml version="1.0" encoding="UTF-8"?>
<!-- Generated by org.testng.reporters.JUnitReportReporter -->
<testsuite hostname="evs01cpb424" name="rmspackage.trynew" tests="1" failures="0" timestamp="22 Mar 2016 06:24:25 GMT" time="9.864" errors="0">
  <testcase name="f" time="9.864" classname="rmspackage.trynew"/>
</testsuite> <!-- rmspackage.trynew -->
